Using pre-set license
Built from '2020.3/staging' branch; Version is '2020.3.11f1 (99c7afb366b3) revision 10078127'; Using compiler version '192528614'; Build Type 'Release'
OS: 'Windows 10 Home; OS build 22621.1413; Version 2009; 64bit' Language: 'en' Physical Memory: 15774 MB
BatchMode: 1, IsHumanControllingUs: 0, StartBugReporterOnCrash: 0, Is64bit: 1, IsPro: 0

 COMMAND LINE ARGUMENTS:
C:\Program Files\Unity\Hub\Editor\2020.3.11f1\Editor\Unity.exe
-adb2
-batchMode
-noUpm
-name
AssetImportWorker0
-projectPath
C:/Users/Typik/Unity/Projects/Progect Peclo
-logFile
Logs/AssetImportWorker0.log
-srvPort
64225
Successfully changed project path to: C:/Users/Typik/Unity/Projects/Progect Peclo
C:/Users/Typik/Unity/Projects/Progect Peclo
Using Asset Import Pipeline V2.
Refreshing native plugins compatible for Editor in 135.90 ms, found 3 plugins.
Preloading 0 native plugins for Editor in 0.00 ms.
Initialize engine version: 2020.3.11f1 (99c7afb366b3)
[Subsystems] Discovering subsystems at path C:/Program Files/Unity/Hub/Editor/2020.3.11f1/Editor/Data/Resources/UnitySubsystems
[Subsystems] Discovering subsystems at path C:/Users/Typik/Unity/Projects/Progect Peclo/Assets
GfxDevice: creating device client; threaded=0
Direct3D:
    Version:  Direct3D 11.0 [level 11.1]
    Renderer: NVIDIA GeForce RTX 3060 Laptop GPU (ID=0x2520)
    Vendor:   
    VRAM:     6023 MB
    Driver:   30.0.15.1278
Initialize mono
Mono path[0] = 'C:/Program Files/Unity/Hub/Editor/2020.3.11f1/Editor/Data/Managed'
Mono path[1] = 'C:/Program Files/Unity/Hub/Editor/2020.3.11f1/Editor/Data/MonoBleedingEdge/lib/mono/unityjit'
Mono config path = 'C:/Program Files/Unity/Hub/Editor/2020.3.11f1/Editor/Data/MonoBleedingEdge/etc'
Using monoOptions --debugger-agent=transport=dt_socket,embedding=1,server=y,suspend=n,address=127.0.0.1:56788
Begin MonoManager ReloadAssembly
Registering precompiled unity dll's ...
Register platform support module: C:/Program Files/Unity/Hub/Editor/2020.3.11f1/Editor/Data/PlaybackEngines/WindowsStandaloneSupport/UnityEditor.WindowsStandalone.Extensions.dll
Registered in 0.155888 seconds.
Native extension for WindowsStandalone target not found
Refreshing native plugins compatible for Editor in 32.35 ms, found 3 plugins.
Preloading 0 native plugins for Editor in 0.00 ms.
Mono: successfully reloaded assembly
- Completed reload, in  3.682 seconds
Platform modules already initialized, skipping
Registering precompiled user dll's ...
Registered in 0.539280 seconds.
Begin MonoManager ReloadAssembly
Native extension for WindowsStandalone target not found
Refreshing native plugins compatible for Editor in 0.59 ms, found 3 plugins.
Preloading 0 native plugins for Editor in 0.00 ms.
Mono: successfully reloaded assembly
- Completed reload, in  2.670 seconds
Platform modules already initialized, skipping
========================================================================
Worker process is ready to serve import requests
Launched and connected shader compiler UnityShaderCompiler.exe after 0.06 seconds
Refreshing native plugins compatible for Editor in 0.46 ms, found 3 plugins.
Preloading 0 native plugins for Editor in 0.00 ms.
Unloading 2004 Unused Serialized files (Serialized files now loaded: 0)
System memory in use before: 165.0 MB.
System memory in use after: 165.1 MB.

Unloading 27 unused Assets to reduce memory usage. Loaded Objects now: 2449.
Total: 2.147900 ms (FindLiveObjects: 0.172100 ms CreateObjectMapping: 0.059700 ms MarkObjects: 1.850300 ms  DeleteObjects: 0.065000 ms)

========================================================================
Received Import Request.
  path: Assets/Scripts/DataPersistence/DataPersistenceManager.cs
  artifactKey: Guid(fb02173a70f541e44866c21f50b9119d) Importer(815301076,1909f56bfc062723c751e8b465ee728b)
Start importing Assets/Scripts/DataPersistence/DataPersistenceManager.cs using Guid(fb02173a70f541e44866c21f50b9119d) Importer(815301076,1909f56bfc062723c751e8b465ee728b)  -> (artifact id: 'e6ec651a641e7a3b84cc55562dcf2b07') in 0.027142 seconds
  Import took 0.030214 seconds .

========================================================================
Received Import Request.
  Time since last request: 0.000243 seconds.
  path: Assets/Scripts/DataPersistence/Data/GameData.cs
  artifactKey: Guid(9a86b196534142f4c97fea5d23680543) Importer(815301076,1909f56bfc062723c751e8b465ee728b)
Start importing Assets/Scripts/DataPersistence/Data/GameData.cs using Guid(9a86b196534142f4c97fea5d23680543) Importer(815301076,1909f56bfc062723c751e8b465ee728b)  -> (artifact id: '38cc36c327180dfdc520b05c36deed60') in 0.006201 seconds
  Import took 0.009091 seconds .

========================================================================
Received Import Request.
  Time since last request: 52.407788 seconds.
  path: Assets/Scripts/DataPersistence/FileDataHandler.cs
  artifactKey: Guid(1f4ea4611109e89468c4f65c66c5aba6) Importer(815301076,1909f56bfc062723c751e8b465ee728b)
Start importing Assets/Scripts/DataPersistence/FileDataHandler.cs using Guid(1f4ea4611109e89468c4f65c66c5aba6) Importer(815301076,1909f56bfc062723c751e8b465ee728b)  -> (artifact id: '6a2909d88f293737fcfd16fcb776a753') in 0.007370 seconds
  Import took 0.010485 seconds .

========================================================================
Received Prepare
Registering precompiled user dll's ...
Registered in 0.005593 seconds.
Begin MonoManager ReloadAssembly
Native extension for WindowsStandalone target not found
Refreshing native plugins compatible for Editor in 0.45 ms, found 3 plugins.
Preloading 0 native plugins for Editor in 0.00 ms.
Mono: successfully reloaded assembly
- Completed reload, in  0.781 seconds
Platform modules already initialized, skipping
Refreshing native plugins compatible for Editor in 0.50 ms, found 3 plugins.
Preloading 0 native plugins for Editor in 0.00 ms.
Unloading 1983 Unused Serialized files (Serialized files now loaded: 0)
System memory in use before: 163.3 MB.
System memory in use after: 163.4 MB.

Unloading 17 unused Assets to reduce memory usage. Loaded Objects now: 2453.
Total: 2.112200 ms (FindLiveObjects: 0.175800 ms CreateObjectMapping: 0.052200 ms MarkObjects: 1.827500 ms  DeleteObjects: 0.055700 ms)

========================================================================
Received Import Request.
  Time since last request: 2190.449236 seconds.
  path: Assets/Scripts/DataPersistence/FileDataHandler.cs
  artifactKey: Guid(1f4ea4611109e89468c4f65c66c5aba6) Importer(815301076,1909f56bfc062723c751e8b465ee728b)
Start importing Assets/Scripts/DataPersistence/FileDataHandler.cs using Guid(1f4ea4611109e89468c4f65c66c5aba6) Importer(815301076,1909f56bfc062723c751e8b465ee728b)  -> (artifact id: 'b9e82c9ecc1fab05a884c71b17478042') in 0.005998 seconds
  Import took 0.009146 seconds .

========================================================================
Received Import Request.
  Time since last request: 28.865331 seconds.
  path: Assets/Scripts/DataPersistence/FileDataHandler.cs
  artifactKey: Guid(1f4ea4611109e89468c4f65c66c5aba6) Importer(815301076,1909f56bfc062723c751e8b465ee728b)
Start importing Assets/Scripts/DataPersistence/FileDataHandler.cs using Guid(1f4ea4611109e89468c4f65c66c5aba6) Importer(815301076,1909f56bfc062723c751e8b465ee728b)  -> (artifact id: '35af80e8b5fe36256b19d5b1cddfae7b') in 0.002632 seconds
  Import took 0.005510 seconds .

========================================================================
Received Prepare
Registering precompiled user dll's ...
Registered in 0.007963 seconds.
Begin MonoManager ReloadAssembly
Native extension for WindowsStandalone target not found
Refreshing native plugins compatible for Editor in 0.46 ms, found 3 plugins.
Preloading 0 native plugins for Editor in 0.00 ms.
Mono: successfully reloaded assembly
- Completed reload, in  0.730 seconds
Platform modules already initialized, skipping
Refreshing native plugins compatible for Editor in 0.45 ms, found 3 plugins.
Preloading 0 native plugins for Editor in 0.00 ms.
Unloading 1983 Unused Serialized files (Serialized files now loaded: 0)
System memory in use before: 163.4 MB.
System memory in use after: 163.5 MB.

Unloading 17 unused Assets to reduce memory usage. Loaded Objects now: 2456.
Total: 2.248200 ms (FindLiveObjects: 0.183500 ms CreateObjectMapping: 0.060600 ms MarkObjects: 1.944400 ms  DeleteObjects: 0.058700 ms)

========================================================================
Received Import Request.
  Time since last request: 64.967152 seconds.
  path: Assets/Scripts/DataPersistence/FileDataHandler.cs
  artifactKey: Guid(1f4ea4611109e89468c4f65c66c5aba6) Importer(815301076,1909f56bfc062723c751e8b465ee728b)
Start importing Assets/Scripts/DataPersistence/FileDataHandler.cs using Guid(1f4ea4611109e89468c4f65c66c5aba6) Importer(815301076,1909f56bfc062723c751e8b465ee728b)  -> (artifact id: '7feee5fc46951ae110c61031d9d7732a') in 0.004998 seconds
  Import took 0.007636 seconds .

========================================================================
Received Prepare
Registering precompiled user dll's ...
Registered in 0.175503 seconds.
Begin MonoManager ReloadAssembly
Native extension for WindowsStandalone target not found
Refreshing native plugins compatible for Editor in 0.48 ms, found 3 plugins.
Preloading 0 native plugins for Editor in 0.00 ms.
Mono: successfully reloaded assembly
- Completed reload, in  0.713 seconds
Platform modules already initialized, skipping
Refreshing native plugins compatible for Editor in 0.46 ms, found 3 plugins.
Preloading 0 native plugins for Editor in 0.00 ms.
Unloading 1983 Unused Serialized files (Serialized files now loaded: 0)
System memory in use before: 163.4 MB.
System memory in use after: 163.5 MB.

Unloading 17 unused Assets to reduce memory usage. Loaded Objects now: 2459.
Total: 2.291100 ms (FindLiveObjects: 0.194700 ms CreateObjectMapping: 0.056400 ms MarkObjects: 1.976700 ms  DeleteObjects: 0.062100 ms)

========================================================================
Received Prepare
Registering precompiled user dll's ...
Registered in 0.006653 seconds.
Begin MonoManager ReloadAssembly
Native extension for WindowsStandalone target not found
Refreshing native plugins compatible for Editor in 0.58 ms, found 3 plugins.
Preloading 0 native plugins for Editor in 0.00 ms.
Mono: successfully reloaded assembly
- Completed reload, in  1.001 seconds
Platform modules already initialized, skipping
Refreshing native plugins compatible for Editor in 0.64 ms, found 3 plugins.
Preloading 0 native plugins for Editor in 0.00 ms.
Unloading 1983 Unused Serialized files (Serialized files now loaded: 0)
System memory in use before: 163.4 MB.
System memory in use after: 163.5 MB.

Unloading 17 unused Assets to reduce memory usage. Loaded Objects now: 2462.
Total: 2.839800 ms (FindLiveObjects: 0.267000 ms CreateObjectMapping: 0.107100 ms MarkObjects: 2.390500 ms  DeleteObjects: 0.074000 ms)

========================================================================
Received Prepare
Registering precompiled user dll's ...
Registered in 0.005642 seconds.
Begin MonoManager ReloadAssembly
Native extension for WindowsStandalone target not found
Refreshing native plugins compatible for Editor in 0.47 ms, found 3 plugins.
Preloading 0 native plugins for Editor in 0.00 ms.
Mono: successfully reloaded assembly
- Completed reload, in  0.708 seconds
Platform modules already initialized, skipping
Refreshing native plugins compatible for Editor in 0.54 ms, found 3 plugins.
Preloading 0 native plugins for Editor in 0.00 ms.
Unloading 1983 Unused Serialized files (Serialized files now loaded: 0)
System memory in use before: 163.4 MB.
System memory in use after: 163.5 MB.

Unloading 17 unused Assets to reduce memory usage. Loaded Objects now: 2465.
Total: 2.092800 ms (FindLiveObjects: 0.218100 ms CreateObjectMapping: 0.068300 ms MarkObjects: 1.750200 ms  DeleteObjects: 0.055400 ms)

========================================================================
Received Prepare
Registering precompiled user dll's ...
Registered in 0.119153 seconds.
Begin MonoManager ReloadAssembly
Native extension for WindowsStandalone target not found
Refreshing native plugins compatible for Editor in 0.54 ms, found 3 plugins.
Preloading 0 native plugins for Editor in 0.00 ms.
Mono: successfully reloaded assembly
- Completed reload, in  0.790 seconds
Platform modules already initialized, skipping
Refreshing native plugins compatible for Editor in 0.45 ms, found 3 plugins.
Preloading 0 native plugins for Editor in 0.00 ms.
Unloading 1983 Unused Serialized files (Serialized files now loaded: 0)
System memory in use before: 163.4 MB.
System memory in use after: 163.5 MB.

Unloading 17 unused Assets to reduce memory usage. Loaded Objects now: 2468.
Total: 1.998400 ms (FindLiveObjects: 0.180400 ms CreateObjectMapping: 0.046100 ms MarkObjects: 1.689200 ms  DeleteObjects: 0.081400 ms)

========================================================================
Received Prepare
Registering precompiled user dll's ...
Registered in 0.005378 seconds.
Begin MonoManager ReloadAssembly
Native extension for WindowsStandalone target not found
Refreshing native plugins compatible for Editor in 0.48 ms, found 3 plugins.
Preloading 0 native plugins for Editor in 0.00 ms.
Mono: successfully reloaded assembly
- Completed reload, in  0.705 seconds
Platform modules already initialized, skipping
Refreshing native plugins compatible for Editor in 0.45 ms, found 3 plugins.
Preloading 0 native plugins for Editor in 0.00 ms.
Unloading 1983 Unused Serialized files (Serialized files now loaded: 0)
System memory in use before: 163.4 MB.
System memory in use after: 163.5 MB.

Unloading 17 unused Assets to reduce memory usage. Loaded Objects now: 2471.
Total: 1.933000 ms (FindLiveObjects: 0.215600 ms CreateObjectMapping: 0.049300 ms MarkObjects: 1.585900 ms  DeleteObjects: 0.081300 ms)

========================================================================
Received Prepare
Registering precompiled user dll's ...
Registered in 0.005237 seconds.
Begin MonoManager ReloadAssembly
Native extension for WindowsStandalone target not found
Refreshing native plugins compatible for Editor in 0.46 ms, found 3 plugins.
Preloading 0 native plugins for Editor in 0.00 ms.
Mono: successfully reloaded assembly
- Completed reload, in  0.692 seconds
Platform modules already initialized, skipping
Refreshing native plugins compatible for Editor in 0.45 ms, found 3 plugins.
Preloading 0 native plugins for Editor in 0.00 ms.
Unloading 1983 Unused Serialized files (Serialized files now loaded: 0)
System memory in use before: 163.4 MB.
System memory in use after: 163.5 MB.

Unloading 17 unused Assets to reduce memory usage. Loaded Objects now: 2474.
Total: 1.888900 ms (FindLiveObjects: 0.168700 ms CreateObjectMapping: 0.062500 ms MarkObjects: 1.568900 ms  DeleteObjects: 0.088000 ms)

========================================================================
Received Prepare
Registering precompiled user dll's ...
Registered in 0.005443 seconds.
Begin MonoManager ReloadAssembly
Native extension for WindowsStandalone target not found
Refreshing native plugins compatible for Editor in 0.46 ms, found 3 plugins.
Preloading 0 native plugins for Editor in 0.00 ms.
Mono: successfully reloaded assembly
- Completed reload, in  0.726 seconds
Platform modules already initialized, skipping
Refreshing native plugins compatible for Editor in 0.48 ms, found 3 plugins.
Preloading 0 native plugins for Editor in 0.00 ms.
Unloading 1983 Unused Serialized files (Serialized files now loaded: 0)
System memory in use before: 163.5 MB.
System memory in use after: 163.5 MB.

Unloading 17 unused Assets to reduce memory usage. Loaded Objects now: 2477.
Total: 2.100500 ms (FindLiveObjects: 0.164000 ms CreateObjectMapping: 0.056000 ms MarkObjects: 1.819900 ms  DeleteObjects: 0.059700 ms)

========================================================================
Received Prepare
Registering precompiled user dll's ...
Registered in 0.005442 seconds.
Begin MonoManager ReloadAssembly
Native extension for WindowsStandalone target not found
Refreshing native plugins compatible for Editor in 0.46 ms, found 3 plugins.
Preloading 0 native plugins for Editor in 0.00 ms.
Mono: successfully reloaded assembly
- Completed reload, in  0.716 seconds
Platform modules already initialized, skipping
Refreshing native plugins compatible for Editor in 0.48 ms, found 3 plugins.
Preloading 0 native plugins for Editor in 0.00 ms.
Unloading 1983 Unused Serialized files (Serialized files now loaded: 0)
System memory in use before: 163.5 MB.
System memory in use after: 163.5 MB.

Unloading 17 unused Assets to reduce memory usage. Loaded Objects now: 2480.
Total: 2.101500 ms (FindLiveObjects: 0.166800 ms CreateObjectMapping: 0.055200 ms MarkObjects: 1.823400 ms  DeleteObjects: 0.055100 ms)

========================================================================
Received Prepare
Registering precompiled user dll's ...
Registered in 0.007938 seconds.
Begin MonoManager ReloadAssembly
Native extension for WindowsStandalone target not found
Refreshing native plugins compatible for Editor in 0.46 ms, found 3 plugins.
Preloading 0 native plugins for Editor in 0.00 ms.
Mono: successfully reloaded assembly
- Completed reload, in  0.703 seconds
Platform modules already initialized, skipping
Refreshing native plugins compatible for Editor in 0.46 ms, found 3 plugins.
Preloading 0 native plugins for Editor in 0.00 ms.
Unloading 1983 Unused Serialized files (Serialized files now loaded: 0)
System memory in use before: 163.5 MB.
System memory in use after: 163.6 MB.

Unloading 17 unused Assets to reduce memory usage. Loaded Objects now: 2483.
Total: 1.975800 ms (FindLiveObjects: 0.196700 ms CreateObjectMapping: 0.048900 ms MarkObjects: 1.677600 ms  DeleteObjects: 0.051900 ms)

========================================================================
Received Prepare
Registering precompiled user dll's ...
Registered in 0.005494 seconds.
Begin MonoManager ReloadAssembly
Native extension for WindowsStandalone target not found
Refreshing native plugins compatible for Editor in 0.46 ms, found 3 plugins.
Preloading 0 native plugins for Editor in 0.00 ms.
Mono: successfully reloaded assembly
- Completed reload, in  0.696 seconds
Platform modules already initialized, skipping
Refreshing native plugins compatible for Editor in 0.45 ms, found 3 plugins.
Preloading 0 native plugins for Editor in 0.00 ms.
Unloading 1983 Unused Serialized files (Serialized files now loaded: 0)
System memory in use before: 163.5 MB.
System memory in use after: 163.6 MB.

Unloading 17 unused Assets to reduce memory usage. Loaded Objects now: 2486.
Total: 2.078900 ms (FindLiveObjects: 0.178100 ms CreateObjectMapping: 0.058000 ms MarkObjects: 1.791400 ms  DeleteObjects: 0.050800 ms)

========================================================================
Received Prepare
Registering precompiled user dll's ...
Registered in 0.005581 seconds.
Begin MonoManager ReloadAssembly
Native extension for WindowsStandalone target not found
Refreshing native plugins compatible for Editor in 0.48 ms, found 3 plugins.
Preloading 0 native plugins for Editor in 0.00 ms.
Mono: successfully reloaded assembly
- Completed reload, in  0.716 seconds
Platform modules already initialized, skipping
Refreshing native plugins compatible for Editor in 0.45 ms, found 3 plugins.
Preloading 0 native plugins for Editor in 0.00 ms.
Unloading 1983 Unused Serialized files (Serialized files now loaded: 0)
System memory in use before: 163.5 MB.
System memory in use after: 163.6 MB.

Unloading 17 unused Assets to reduce memory usage. Loaded Objects now: 2489.
Total: 2.135600 ms (FindLiveObjects: 0.171200 ms CreateObjectMapping: 0.057100 ms MarkObjects: 1.853900 ms  DeleteObjects: 0.052600 ms)

========================================================================
Received Prepare
Registering precompiled user dll's ...
Registered in 0.006383 seconds.
Begin MonoManager ReloadAssembly
Native extension for WindowsStandalone target not found
Refreshing native plugins compatible for Editor in 0.59 ms, found 3 plugins.
Preloading 0 native plugins for Editor in 0.00 ms.
Mono: successfully reloaded assembly
- Completed reload, in  0.996 seconds
Platform modules already initialized, skipping
Refreshing native plugins compatible for Editor in 0.51 ms, found 3 plugins.
Preloading 0 native plugins for Editor in 0.00 ms.
Unloading 1983 Unused Serialized files (Serialized files now loaded: 0)
System memory in use before: 163.5 MB.
System memory in use after: 163.6 MB.

Unloading 17 unused Assets to reduce memory usage. Loaded Objects now: 2492.
Total: 2.796500 ms (FindLiveObjects: 0.193600 ms CreateObjectMapping: 0.064200 ms MarkObjects: 2.474100 ms  DeleteObjects: 0.063000 ms)

========================================================================
Received Prepare
Registering precompiled user dll's ...
Registered in 0.005565 seconds.
Begin MonoManager ReloadAssembly
Native extension for WindowsStandalone target not found
Refreshing native plugins compatible for Editor in 0.45 ms, found 3 plugins.
Preloading 0 native plugins for Editor in 0.00 ms.
Mono: successfully reloaded assembly
- Completed reload, in  0.704 seconds
Platform modules already initialized, skipping
Refreshing native plugins compatible for Editor in 0.45 ms, found 3 plugins.
Preloading 0 native plugins for Editor in 0.00 ms.
Unloading 1983 Unused Serialized files (Serialized files now loaded: 0)
System memory in use before: 163.5 MB.
System memory in use after: 163.6 MB.

Unloading 17 unused Assets to reduce memory usage. Loaded Objects now: 2495.
Total: 2.078300 ms (FindLiveObjects: 0.164400 ms CreateObjectMapping: 0.054800 ms MarkObjects: 1.806600 ms  DeleteObjects: 0.051700 ms)

========================================================================
Received Prepare
Registering precompiled user dll's ...
Registered in 0.005480 seconds.
Begin MonoManager ReloadAssembly
Native extension for WindowsStandalone target not found
Refreshing native plugins compatible for Editor in 0.49 ms, found 3 plugins.
Preloading 0 native plugins for Editor in 0.00 ms.
Mono: successfully reloaded assembly
- Completed reload, in  0.718 seconds
Platform modules already initialized, skipping
Refreshing native plugins compatible for Editor in 0.50 ms, found 3 plugins.
Preloading 0 native plugins for Editor in 0.00 ms.
Unloading 1983 Unused Serialized files (Serialized files now loaded: 0)
System memory in use before: 163.5 MB.
System memory in use after: 163.6 MB.

Unloading 17 unused Assets to reduce memory usage. Loaded Objects now: 2498.
Total: 2.195400 ms (FindLiveObjects: 0.167900 ms CreateObjectMapping: 0.054500 ms MarkObjects: 1.856900 ms  DeleteObjects: 0.114700 ms)

AssetImportWorkerClient::OnTransportError - code=2 error=End of file
